2025-04-27 20:47:11,306 - INFO - 自动拿牌程序启动 - MuMu模拟器12专用版
2025-04-27 20:47:11,374 - INFO - 已激活MuMu模拟器窗口并最大化
2025-04-27 20:47:11,374 - INFO - 请用鼠标拖动选择MuMu模拟器12的游戏区域(左上角到右下角)
2025-04-27 20:47:11,375 - INFO - 准备开始选择...3秒后开始
2025-04-27 20:50:56,630 - INFO - 自动拿牌程序启动 - MuMu模拟器12专用版
2025-04-27 20:50:56,689 - INFO - 已激活MuMu模拟器窗口并设置位置: 480,270 大小: 1600x900
2025-04-27 20:50:56,689 - INFO - 请用鼠标拖动选择MuMu模拟器12的游戏区域(左上角到右下角)
2025-04-27 20:50:56,689 - INFO - 准备开始选择...3秒后开始
2025-04-27 20:52:39,548 - INFO - 自动拿牌程序启动 - MuMu模拟器12专用版
2025-04-27 20:52:39,558 - INFO - 已激活MuMu模拟器窗口并设置位置: 480,270 大小: 1600x900
2025-04-27 20:52:39,558 - INFO - 请用鼠标拖动选择MuMu模拟器12的游戏区域(左上角到右下角)
2025-04-27 20:52:39,558 - INFO - 准备开始选择...3秒后开始
2025-04-27 20:55:02,332 - INFO - 自动拿牌程序启动 - MuMu模拟器12专用版
2025-04-27 20:55:02,339 - INFO - 已激活MuMu模拟器窗口并设置位置: 480,270 大小: 1600x900
2025-04-27 20:55:02,340 - INFO - 请用鼠标拖动选择MuMu模拟器12的游戏区域(左上角到右下角)
2025-04-27 20:55:02,340 - INFO - 准备开始选择...3秒后开始
2025-04-27 20:57:39,153 - INFO - 自动拿牌程序启动 - MuMu模拟器12专用版
2025-04-27 20:57:39,162 - INFO - 已激活MuMu模拟器窗口并设置位置: 480,270 大小: 1600x900
2025-04-27 20:57:39,163 - INFO - 请用鼠标拖动选择MuMu模拟器12的游戏区域(左上角到右下角)
2025-04-27 20:57:39,163 - INFO - 准备开始选择...3秒后开始
2025-04-27 20:57:50,653 - INFO - 已设置游戏区域: 位置(1627, 1419), 宽0, 高0
2025-04-27 20:57:50,654 - INFO - 请按F2键选择要拿的英雄牌
2025-04-27 20:57:50,990 - INFO - 正在生成英雄特征数据库...
2025-04-27 20:57:51,593 - INFO - 英雄特征已保存，下次将直接加载
2025-04-27 20:59:28,239 - INFO - 自动拿牌程序启动 - MuMu模拟器12专用版
2025-04-27 20:59:28,240 - ERROR - 激活窗口失败: 'Win32Window' object has no attribute 'focus'
2025-04-27 21:00:34,588 - INFO - 自动拿牌程序启动 - MuMu模拟器12专用版
2025-04-27 21:00:35,651 - INFO - 已激活MuMu模拟器窗口并设置位置: 480,270 大小: 1600x900
2025-04-27 21:00:35,651 - INFO - 请用鼠标拖动选择MuMu模拟器12的游戏区域(左上角到右下角)
2025-04-27 21:00:35,651 - INFO - 准备开始选择...3秒后开始
2025-04-27 21:01:13,346 - INFO - 自动拿牌程序启动 - MuMu模拟器12专用版
2025-04-27 21:01:14,415 - INFO - 已激活MuMu模拟器窗口并设置位置: 480,270 大小: 1600x900
2025-04-27 21:01:14,415 - INFO - 请用鼠标拖动选择MuMu模拟器12的游戏区域(左上角到右下角)
2025-04-27 21:01:14,415 - INFO - 准备开始选择...3秒后开始
2025-04-27 21:13:31,542 - INFO - 自动拿牌程序启动 - MuMu模拟器12专用版
2025-04-27 21:13:32,610 - INFO - 已激活MuMu模拟器窗口并设置位置: 480,270 大小: 1600x900
2025-04-27 21:13:32,855 - INFO - 识别到5个红框，设置牌区: 位置(1138, 112), 宽74, 高13, 间距347
2025-04-27 21:13:32,856 - INFO - 请按F2键选择要拿的英雄牌
2025-04-27 21:13:33,163 - INFO - 正在加载已保存的英雄特征...
2025-04-27 21:14:19,032 - WARNING - 英雄''不存在，请重新输入
2025-04-27 21:14:38,022 - INFO - 已设置目标英雄: 金克丝
2025-04-27 21:15:25,844 - INFO - 自动拿牌程序启动 - MuMu模拟器12专用版
2025-04-27 21:15:26,900 - INFO - 已激活MuMu模拟器窗口并设置位置: 480,270 大小: 1600x900
2025-04-27 21:15:26,974 - INFO - 识别到5个红框，设置牌区: 位置(396, 724), 宽169, 高118, 间距1090
2025-04-27 21:15:26,975 - INFO - 请按F2键选择要拿的英雄牌
2025-04-27 21:15:27,306 - INFO - 正在加载已保存的英雄特征...
2025-04-27 21:15:43,413 - INFO - 已设置目标英雄: 艾克
2025-04-27 21:17:16,977 - INFO - 自动拿牌程序启动 - MuMu模拟器12专用版
2025-04-27 21:17:18,039 - INFO - 已激活MuMu模拟器窗口并设置位置: 480,270 大小: 1600x900
2025-04-27 21:17:18,096 - INFO - 识别到5个红框，设置牌区: 位置(1486, 123), 宽56, 高59, 间距1
2025-04-27 21:17:18,097 - INFO - 请按F2键选择要拿的英雄牌
2025-04-27 21:17:18,405 - INFO - 正在加载已保存的英雄特征...
2025-04-27 21:17:23,568 - WARNING - 英雄'克'不存在，请重新输入
2025-04-27 21:17:27,293 - INFO - 已设置目标英雄: 艾克
2025-04-27 21:17:27,715 - INFO - 牌1: 细胞组织 (相似度: 0.67)
2025-04-27 21:17:27,720 - INFO - 牌2: 细胞组织 (相似度: 0.67)
2025-04-27 21:17:27,724 - INFO - 牌3: 细胞组织 (相似度: 0.68)
2025-04-27 21:17:27,730 - INFO - 牌4: 细胞组织 (相似度: 0.68)
2025-04-27 21:17:27,734 - INFO - 牌5: 细胞组织 (相似度: 0.66)
2025-04-27 21:17:28,854 - INFO - 牌1: 细胞组织 (相似度: 0.67)
2025-04-27 21:17:28,861 - INFO - 牌2: 细胞组织 (相似度: 0.67)
2025-04-27 21:17:28,864 - INFO - 牌3: 细胞组织 (相似度: 0.68)
2025-04-27 21:17:28,869 - INFO - 牌4: 细胞组织 (相似度: 0.68)
2025-04-27 21:17:28,874 - INFO - 牌5: 细胞组织 (相似度: 0.66)
2025-04-27 21:17:30,113 - INFO - 牌1: 细胞组织 (相似度: 0.67)
2025-04-27 21:17:30,120 - INFO - 牌2: 细胞组织 (相似度: 0.67)
2025-04-27 21:17:30,124 - INFO - 牌3: 细胞组织 (相似度: 0.68)
2025-04-27 21:17:30,129 - INFO - 牌4: 细胞组织 (相似度: 0.68)
2025-04-27 21:17:30,133 - INFO - 牌5: 细胞组织 (相似度: 0.66)
2025-04-27 21:17:31,246 - INFO - 牌1: 细胞组织 (相似度: 0.67)
2025-04-27 21:17:31,249 - INFO - 牌2: 细胞组织 (相似度: 0.67)
2025-04-27 21:17:31,254 - INFO - 牌3: 细胞组织 (相似度: 0.68)
2025-04-27 21:17:31,259 - INFO - 牌4: 细胞组织 (相似度: 0.68)
2025-04-27 21:17:31,264 - INFO - 牌5: 细胞组织 (相似度: 0.66)
2025-04-27 21:17:32,381 - INFO - 牌1: 细胞组织 (相似度: 0.67)
2025-04-27 21:17:32,386 - INFO - 牌2: 细胞组织 (相似度: 0.67)
2025-04-27 21:17:32,390 - INFO - 牌3: 细胞组织 (相似度: 0.68)
2025-04-27 21:17:32,397 - INFO - 牌4: 细胞组织 (相似度: 0.68)
2025-04-27 21:17:32,402 - INFO - 牌5: 细胞组织 (相似度: 0.66)
2025-04-27 21:17:33,517 - INFO - 牌1: 细胞组织 (相似度: 0.67)
2025-04-27 21:17:33,522 - INFO - 牌2: 细胞组织 (相似度: 0.67)
2025-04-27 21:17:33,530 - INFO - 牌3: 细胞组织 (相似度: 0.68)
2025-04-27 21:17:33,534 - INFO - 牌4: 细胞组织 (相似度: 0.68)
2025-04-27 21:17:33,542 - INFO - 牌5: 细胞组织 (相似度: 0.66)
2025-04-27 21:17:34,655 - INFO - 牌1: 细胞组织 (相似度: 0.67)
2025-04-27 21:17:34,664 - INFO - 牌2: 细胞组织 (相似度: 0.67)
2025-04-27 21:17:34,669 - INFO - 牌3: 细胞组织 (相似度: 0.68)
2025-04-27 21:17:34,679 - INFO - 牌4: 细胞组织 (相似度: 0.68)
2025-04-27 21:17:34,683 - INFO - 牌5: 细胞组织 (相似度: 0.66)
2025-04-27 21:17:35,800 - INFO - 牌1: 细胞组织 (相似度: 0.67)
2025-04-27 21:17:35,805 - INFO - 牌2: 细胞组织 (相似度: 0.67)
2025-04-27 21:17:35,814 - INFO - 牌3: 细胞组织 (相似度: 0.68)
2025-04-27 21:17:35,819 - INFO - 牌4: 细胞组织 (相似度: 0.68)
2025-04-27 21:17:35,829 - INFO - 牌5: 细胞组织 (相似度: 0.66)
2025-04-27 21:17:36,943 - INFO - 牌1: 细胞组织 (相似度: 0.67)
2025-04-27 21:17:36,950 - INFO - 牌2: 细胞组织 (相似度: 0.67)
2025-04-27 21:17:36,955 - INFO - 牌3: 细胞组织 (相似度: 0.68)
2025-04-27 21:17:36,961 - INFO - 牌4: 细胞组织 (相似度: 0.68)
2025-04-27 21:17:36,965 - INFO - 牌5: 细胞组织 (相似度: 0.66)
2025-04-27 21:17:38,079 - INFO - 牌1: 细胞组织 (相似度: 0.67)
2025-04-27 21:17:38,082 - INFO - 牌2: 细胞组织 (相似度: 0.67)
2025-04-27 21:17:38,087 - INFO - 牌3: 细胞组织 (相似度: 0.68)
2025-04-27 21:17:38,092 - INFO - 牌4: 细胞组织 (相似度: 0.68)
2025-04-27 21:17:38,096 - INFO - 牌5: 细胞组织 (相似度: 0.66)
2025-04-27 21:17:39,209 - INFO - 牌1: 细胞组织 (相似度: 0.67)
2025-04-27 21:17:39,216 - INFO - 牌2: 细胞组织 (相似度: 0.67)
2025-04-27 21:17:39,220 - INFO - 牌3: 细胞组织 (相似度: 0.68)
2025-04-27 21:17:39,225 - INFO - 牌4: 细胞组织 (相似度: 0.68)
2025-04-27 21:17:39,231 - INFO - 牌5: 细胞组织 (相似度: 0.66)
2025-04-27 21:17:40,349 - INFO - 牌1: 细胞组织 (相似度: 0.67)
2025-04-27 21:17:40,354 - INFO - 牌2: 细胞组织 (相似度: 0.67)
2025-04-27 21:17:40,363 - INFO - 牌3: 细胞组织 (相似度: 0.68)
2025-04-27 21:17:40,370 - INFO - 牌4: 细胞组织 (相似度: 0.68)
2025-04-27 21:17:40,375 - INFO - 牌5: 细胞组织 (相似度: 0.66)
2025-04-27 21:17:41,495 - INFO - 牌1: 细胞组织 (相似度: 0.67)
2025-04-27 21:17:41,502 - INFO - 牌2: 细胞组织 (相似度: 0.67)
2025-04-27 21:17:41,507 - INFO - 牌3: 细胞组织 (相似度: 0.68)
2025-04-27 21:17:41,514 - INFO - 牌4: 细胞组织 (相似度: 0.68)
2025-04-27 21:17:41,519 - INFO - 牌5: 细胞组织 (相似度: 0.66)
2025-04-27 21:17:42,707 - INFO - 牌1: 细胞组织 (相似度: 0.67)
2025-04-27 21:17:42,714 - INFO - 牌2: 细胞组织 (相似度: 0.67)
2025-04-27 21:17:42,718 - INFO - 牌3: 细胞组织 (相似度: 0.68)
2025-04-27 21:17:42,723 - INFO - 牌4: 细胞组织 (相似度: 0.68)
2025-04-27 21:17:42,728 - INFO - 牌5: 细胞组织 (相似度: 0.66)
2025-04-27 21:17:43,842 - INFO - 牌1: 细胞组织 (相似度: 0.67)
2025-04-27 21:17:43,847 - INFO - 牌2: 细胞组织 (相似度: 0.67)
2025-04-27 21:17:43,851 - INFO - 牌3: 细胞组织 (相似度: 0.68)
2025-04-27 21:17:43,855 - INFO - 牌4: 细胞组织 (相似度: 0.68)
2025-04-27 21:17:43,860 - INFO - 牌5: 细胞组织 (相似度: 0.66)
2025-04-27 21:17:44,972 - INFO - 牌1: 细胞组织 (相似度: 0.67)
2025-04-27 21:17:44,978 - INFO - 牌2: 细胞组织 (相似度: 0.67)
2025-04-27 21:17:44,981 - INFO - 牌3: 细胞组织 (相似度: 0.68)
2025-04-27 21:17:44,987 - INFO - 牌4: 细胞组织 (相似度: 0.68)
2025-04-27 21:17:44,995 - INFO - 牌5: 细胞组织 (相似度: 0.66)
2025-04-27 21:17:46,108 - INFO - 牌1: 细胞组织 (相似度: 0.67)
2025-04-27 21:17:46,114 - INFO - 牌2: 细胞组织 (相似度: 0.67)
2025-04-27 21:17:46,118 - INFO - 牌3: 细胞组织 (相似度: 0.68)
2025-04-27 21:17:46,122 - INFO - 牌4: 细胞组织 (相似度: 0.68)
2025-04-27 21:17:46,130 - INFO - 牌5: 细胞组织 (相似度: 0.66)
2025-04-27 21:17:47,248 - INFO - 牌1: 细胞组织 (相似度: 0.67)
2025-04-27 21:17:47,253 - INFO - 牌2: 细胞组织 (相似度: 0.67)
2025-04-27 21:17:47,261 - INFO - 牌3: 细胞组织 (相似度: 0.68)
2025-04-27 21:17:47,266 - INFO - 牌4: 细胞组织 (相似度: 0.68)
2025-04-27 21:17:47,271 - INFO - 牌5: 细胞组织 (相似度: 0.66)
2025-04-27 21:17:48,384 - INFO - 牌1: 细胞组织 (相似度: 0.67)
2025-04-27 21:17:48,388 - INFO - 牌2: 细胞组织 (相似度: 0.67)
2025-04-27 21:17:48,397 - INFO - 牌3: 细胞组织 (相似度: 0.68)
2025-04-27 21:17:48,401 - INFO - 牌4: 细胞组织 (相似度: 0.68)
2025-04-27 21:17:48,406 - INFO - 牌5: 细胞组织 (相似度: 0.66)
2025-04-27 21:17:49,520 - INFO - 牌1: 细胞组织 (相似度: 0.67)
2025-04-27 21:17:49,525 - INFO - 牌2: 细胞组织 (相似度: 0.67)
2025-04-27 21:17:49,532 - INFO - 牌3: 细胞组织 (相似度: 0.68)
2025-04-27 21:17:49,538 - INFO - 牌4: 细胞组织 (相似度: 0.68)
2025-04-27 21:17:49,548 - INFO - 牌5: 细胞组织 (相似度: 0.66)
2025-04-27 21:17:50,664 - INFO - 牌1: 细胞组织 (相似度: 0.67)
2025-04-27 21:17:50,667 - INFO - 牌2: 细胞组织 (相似度: 0.67)
2025-04-27 21:17:50,671 - INFO - 牌3: 细胞组织 (相似度: 0.68)
2025-04-27 21:17:50,677 - INFO - 牌4: 细胞组织 (相似度: 0.68)
2025-04-27 21:17:50,680 - INFO - 牌5: 细胞组织 (相似度: 0.66)
2025-04-27 21:17:51,795 - INFO - 牌1: 细胞组织 (相似度: 0.67)
2025-04-27 21:17:51,800 - INFO - 牌2: 细胞组织 (相似度: 0.67)
2025-04-27 21:17:51,804 - INFO - 牌3: 细胞组织 (相似度: 0.68)
2025-04-27 21:17:51,808 - INFO - 牌4: 细胞组织 (相似度: 0.68)
2025-04-27 21:17:51,813 - INFO - 牌5: 细胞组织 (相似度: 0.66)
2025-04-27 21:17:52,931 - INFO - 牌1: 细胞组织 (相似度: 0.67)
2025-04-27 21:17:52,936 - INFO - 牌2: 细胞组织 (相似度: 0.67)
2025-04-27 21:17:52,940 - INFO - 牌3: 细胞组织 (相似度: 0.68)
2025-04-27 21:17:52,947 - INFO - 牌4: 细胞组织 (相似度: 0.68)
2025-04-27 21:17:52,951 - INFO - 牌5: 细胞组织 (相似度: 0.66)
2025-04-27 21:17:54,066 - INFO - 牌1: 细胞组织 (相似度: 0.67)
2025-04-27 21:17:54,070 - INFO - 牌2: 细胞组织 (相似度: 0.67)
2025-04-27 21:17:54,078 - INFO - 牌3: 细胞组织 (相似度: 0.68)
2025-04-27 21:17:54,083 - INFO - 牌4: 细胞组织 (相似度: 0.68)
2025-04-27 21:17:54,087 - INFO - 牌5: 细胞组织 (相似度: 0.66)
2025-04-27 21:17:55,199 - INFO - 牌1: 细胞组织 (相似度: 0.67)
2025-04-27 21:17:55,204 - INFO - 牌2: 细胞组织 (相似度: 0.67)
2025-04-27 21:17:55,215 - INFO - 牌3: 细胞组织 (相似度: 0.68)
2025-04-27 21:17:55,220 - INFO - 牌4: 细胞组织 (相似度: 0.68)
2025-04-27 21:17:55,228 - INFO - 牌5: 细胞组织 (相似度: 0.66)
2025-04-27 21:17:56,344 - INFO - 牌1: 细胞组织 (相似度: 0.67)
2025-04-27 21:17:56,349 - INFO - 牌2: 细胞组织 (相似度: 0.67)
2025-04-27 21:17:56,353 - INFO - 牌3: 细胞组织 (相似度: 0.68)
2025-04-27 21:17:56,357 - INFO - 牌4: 细胞组织 (相似度: 0.68)
2025-04-27 21:17:56,361 - INFO - 牌5: 细胞组织 (相似度: 0.66)
2025-04-27 21:17:57,477 - INFO - 牌1: 细胞组织 (相似度: 0.67)
2025-04-27 21:17:57,482 - INFO - 牌2: 细胞组织 (相似度: 0.67)
2025-04-27 21:17:57,488 - INFO - 牌3: 细胞组织 (相似度: 0.68)
2025-04-27 21:17:57,493 - INFO - 牌4: 细胞组织 (相似度: 0.68)
2025-04-27 21:17:57,500 - INFO - 牌5: 细胞组织 (相似度: 0.66)
2025-04-27 21:17:58,615 - INFO - 牌1: 细胞组织 (相似度: 0.67)
2025-04-27 21:17:58,619 - INFO - 牌2: 细胞组织 (相似度: 0.67)
2025-04-27 21:17:58,624 - INFO - 牌3: 细胞组织 (相似度: 0.68)
2025-04-27 21:17:58,630 - INFO - 牌4: 细胞组织 (相似度: 0.68)
2025-04-27 21:17:58,634 - INFO - 牌5: 细胞组织 (相似度: 0.66)
2025-04-27 21:17:59,752 - INFO - 牌1: 细胞组织 (相似度: 0.67)
2025-04-27 21:17:59,757 - INFO - 牌2: 细胞组织 (相似度: 0.67)
2025-04-27 21:17:59,762 - INFO - 牌3: 细胞组织 (相似度: 0.68)
2025-04-27 21:17:59,766 - INFO - 牌4: 细胞组织 (相似度: 0.68)
2025-04-27 21:17:59,771 - INFO - 牌5: 细胞组织 (相似度: 0.66)
2025-04-27 21:18:00,884 - INFO - 牌1: 细胞组织 (相似度: 0.67)
2025-04-27 21:18:00,889 - INFO - 牌2: 细胞组织 (相似度: 0.67)
2025-04-27 21:18:00,895 - INFO - 牌3: 细胞组织 (相似度: 0.68)
2025-04-27 21:18:00,899 - INFO - 牌4: 细胞组织 (相似度: 0.68)
2025-04-27 21:18:00,904 - INFO - 牌5: 细胞组织 (相似度: 0.66)
2025-04-27 21:18:02,018 - INFO - 牌1: 细胞组织 (相似度: 0.67)
2025-04-27 21:18:02,023 - INFO - 牌2: 细胞组织 (相似度: 0.67)
2025-04-27 21:18:02,030 - INFO - 牌3: 细胞组织 (相似度: 0.68)
2025-04-27 21:18:02,035 - INFO - 牌4: 细胞组织 (相似度: 0.68)
2025-04-27 21:18:02,041 - INFO - 牌5: 细胞组织 (相似度: 0.66)
2025-04-27 21:18:03,157 - INFO - 牌1: 细胞组织 (相似度: 0.67)
2025-04-27 21:18:03,162 - INFO - 牌2: 细胞组织 (相似度: 0.67)
2025-04-27 21:18:03,169 - INFO - 牌3: 细胞组织 (相似度: 0.68)
2025-04-27 21:18:03,175 - INFO - 牌4: 细胞组织 (相似度: 0.68)
2025-04-27 21:18:03,181 - INFO - 牌5: 细胞组织 (相似度: 0.66)
2025-04-27 21:18:04,297 - INFO - 牌1: 细胞组织 (相似度: 0.67)
2025-04-27 21:18:04,302 - INFO - 牌2: 细胞组织 (相似度: 0.67)
2025-04-27 21:18:04,308 - INFO - 牌3: 细胞组织 (相似度: 0.68)
2025-04-27 21:18:04,313 - INFO - 牌4: 细胞组织 (相似度: 0.68)
2025-04-27 21:18:04,321 - INFO - 牌5: 细胞组织 (相似度: 0.66)
2025-04-27 21:18:05,435 - INFO - 牌1: 细胞组织 (相似度: 0.67)
2025-04-27 21:18:05,441 - INFO - 牌2: 细胞组织 (相似度: 0.67)
2025-04-27 21:18:05,448 - INFO - 牌3: 细胞组织 (相似度: 0.68)
2025-04-27 21:18:05,455 - INFO - 牌4: 细胞组织 (相似度: 0.68)
2025-04-27 21:18:05,461 - INFO - 牌5: 细胞组织 (相似度: 0.66)
2025-04-27 21:18:06,575 - INFO - 牌1: 细胞组织 (相似度: 0.67)
2025-04-27 21:18:06,582 - INFO - 牌2: 细胞组织 (相似度: 0.67)
2025-04-27 21:18:06,587 - INFO - 牌3: 细胞组织 (相似度: 0.68)
2025-04-27 21:18:06,594 - INFO - 牌4: 细胞组织 (相似度: 0.68)
2025-04-27 21:18:06,602 - INFO - 牌5: 细胞组织 (相似度: 0.66)
2025-04-27 21:18:07,717 - INFO - 牌1: 细胞组织 (相似度: 0.67)
2025-04-27 21:18:07,722 - INFO - 牌2: 细胞组织 (相似度: 0.67)
2025-04-27 21:18:07,731 - INFO - 牌3: 细胞组织 (相似度: 0.68)
2025-04-27 21:18:07,737 - INFO - 牌4: 细胞组织 (相似度: 0.68)
2025-04-27 21:18:07,743 - INFO - 牌5: 细胞组织 (相似度: 0.66)
2025-04-27 21:18:08,857 - INFO - 牌1: 细胞组织 (相似度: 0.67)
2025-04-27 21:18:08,867 - INFO - 牌2: 细胞组织 (相似度: 0.67)
2025-04-27 21:18:08,873 - INFO - 牌3: 细胞组织 (相似度: 0.68)
2025-04-27 21:18:08,877 - INFO - 牌4: 细胞组织 (相似度: 0.68)
2025-04-27 21:18:08,887 - INFO - 牌5: 细胞组织 (相似度: 0.66)
2025-04-27 21:18:10,001 - INFO - 牌1: 细胞组织 (相似度: 0.67)
2025-04-27 21:18:10,006 - INFO - 牌2: 细胞组织 (相似度: 0.67)
2025-04-27 21:18:10,011 - INFO - 牌3: 细胞组织 (相似度: 0.68)
2025-04-27 21:18:10,022 - INFO - 牌4: 细胞组织 (相似度: 0.68)
2025-04-27 21:18:10,028 - INFO - 牌5: 细胞组织 (相似度: 0.66)
2025-04-27 21:18:11,144 - INFO - 牌1: 细胞组织 (相似度: 0.67)
2025-04-27 21:18:11,148 - INFO - 牌2: 细胞组织 (相似度: 0.67)
2025-04-27 21:18:11,153 - INFO - 牌3: 细胞组织 (相似度: 0.68)
2025-04-27 21:18:11,163 - INFO - 牌4: 细胞组织 (相似度: 0.68)
2025-04-27 21:18:11,169 - INFO - 牌5: 细胞组织 (相似度: 0.66)
2025-04-27 21:18:12,287 - INFO - 牌1: 细胞组织 (相似度: 0.67)
2025-04-27 21:18:12,294 - INFO - 牌2: 细胞组织 (相似度: 0.67)
2025-04-27 21:18:12,301 - INFO - 牌3: 细胞组织 (相似度: 0.68)
2025-04-27 21:18:12,305 - INFO - 牌4: 细胞组织 (相似度: 0.68)
2025-04-27 21:18:12,310 - INFO - 牌5: 细胞组织 (相似度: 0.66)
2025-04-27 21:18:13,424 - INFO - 牌1: 细胞组织 (相似度: 0.67)
2025-04-27 21:18:13,435 - INFO - 牌2: 细胞组织 (相似度: 0.67)
2025-04-27 21:18:13,440 - INFO - 牌3: 细胞组织 (相似度: 0.68)
2025-04-27 21:18:13,446 - INFO - 牌4: 细胞组织 (相似度: 0.68)
2025-04-27 21:18:13,456 - INFO - 牌5: 细胞组织 (相似度: 0.66)
2025-04-27 21:18:14,571 - INFO - 牌1: 细胞组织 (相似度: 0.67)
2025-04-27 21:18:14,576 - INFO - 牌2: 细胞组织 (相似度: 0.67)
2025-04-27 21:18:14,583 - INFO - 牌3: 细胞组织 (相似度: 0.68)
2025-04-27 21:18:14,588 - INFO - 牌4: 细胞组织 (相似度: 0.68)
2025-04-27 21:18:14,593 - INFO - 牌5: 细胞组织 (相似度: 0.66)
2025-04-27 21:18:15,708 - INFO - 牌1: 细胞组织 (相似度: 0.67)
2025-04-27 21:18:15,717 - INFO - 牌2: 细胞组织 (相似度: 0.67)
2025-04-27 21:18:15,723 - INFO - 牌3: 细胞组织 (相似度: 0.68)
2025-04-27 21:18:15,732 - INFO - 牌4: 细胞组织 (相似度: 0.68)
2025-04-27 21:18:15,737 - INFO - 牌5: 细胞组织 (相似度: 0.66)
2025-04-27 21:18:16,850 - INFO - 牌1: 细胞组织 (相似度: 0.67)
2025-04-27 21:18:16,859 - INFO - 牌2: 细胞组织 (相似度: 0.67)
2025-04-27 21:18:16,866 - INFO - 牌3: 细胞组织 (相似度: 0.68)
2025-04-27 21:18:16,871 - INFO - 牌4: 细胞组织 (相似度: 0.68)
2025-04-27 21:18:16,877 - INFO - 牌5: 细胞组织 (相似度: 0.66)
2025-04-27 21:18:17,990 - INFO - 牌1: 细胞组织 (相似度: 0.67)
2025-04-27 21:18:17,997 - INFO - 牌2: 细胞组织 (相似度: 0.67)
2025-04-27 21:18:18,002 - INFO - 牌3: 细胞组织 (相似度: 0.68)
2025-04-27 21:18:18,006 - INFO - 牌4: 细胞组织 (相似度: 0.68)
2025-04-27 21:18:18,010 - INFO - 牌5: 细胞组织 (相似度: 0.66)
2025-04-27 21:18:19,123 - INFO - 牌1: 细胞组织 (相似度: 0.67)
2025-04-27 21:18:19,127 - INFO - 牌2: 细胞组织 (相似度: 0.67)
2025-04-27 21:18:19,132 - INFO - 牌3: 细胞组织 (相似度: 0.68)
2025-04-27 21:18:19,136 - INFO - 牌4: 细胞组织 (相似度: 0.68)
2025-04-27 21:18:19,140 - INFO - 牌5: 细胞组织 (相似度: 0.66)
2025-04-27 21:18:20,255 - INFO - 牌1: 细胞组织 (相似度: 0.67)
2025-04-27 21:18:20,259 - INFO - 牌2: 细胞组织 (相似度: 0.67)
2025-04-27 21:18:20,266 - INFO - 牌3: 细胞组织 (相似度: 0.68)
2025-04-27 21:18:20,271 - INFO - 牌4: 细胞组织 (相似度: 0.68)
2025-04-27 21:18:20,274 - INFO - 牌5: 细胞组织 (相似度: 0.66)
2025-04-27 21:18:21,391 - INFO - 牌1: 细胞组织 (相似度: 0.67)
2025-04-27 21:18:21,400 - INFO - 牌2: 细胞组织 (相似度: 0.67)
2025-04-27 21:18:21,403 - INFO - 牌3: 细胞组织 (相似度: 0.68)
2025-04-27 21:18:21,412 - INFO - 牌4: 细胞组织 (相似度: 0.68)
2025-04-27 21:18:21,417 - INFO - 牌5: 细胞组织 (相似度: 0.66)
2025-04-27 21:18:22,533 - INFO - 牌1: 细胞组织 (相似度: 0.67)
2025-04-27 21:18:22,538 - INFO - 牌2: 细胞组织 (相似度: 0.67)
2025-04-27 21:18:22,543 - INFO - 牌3: 细胞组织 (相似度: 0.68)
2025-04-27 21:18:22,550 - INFO - 牌4: 细胞组织 (相似度: 0.68)
2025-04-27 21:18:22,557 - INFO - 牌5: 细胞组织 (相似度: 0.66)
2025-04-27 21:18:23,670 - INFO - 牌1: 细胞组织 (相似度: 0.67)
2025-04-27 21:18:23,674 - INFO - 牌2: 细胞组织 (相似度: 0.67)
2025-04-27 21:18:23,681 - INFO - 牌3: 细胞组织 (相似度: 0.68)
2025-04-27 21:18:23,687 - INFO - 牌4: 细胞组织 (相似度: 0.68)
2025-04-27 21:18:23,694 - INFO - 牌5: 细胞组织 (相似度: 0.66)
2025-04-27 21:18:24,894 - INFO - 牌1: 细胞组织 (相似度: 0.67)
2025-04-27 21:18:24,901 - INFO - 牌2: 细胞组织 (相似度: 0.67)
2025-04-27 21:18:24,907 - INFO - 牌3: 细胞组织 (相似度: 0.68)
2025-04-27 21:18:24,913 - INFO - 牌4: 细胞组织 (相似度: 0.68)
2025-04-27 21:18:24,917 - INFO - 牌5: 细胞组织 (相似度: 0.66)
2025-04-27 21:18:26,033 - INFO - 牌1: 细胞组织 (相似度: 0.67)
2025-04-27 21:18:26,041 - INFO - 牌2: 细胞组织 (相似度: 0.67)
2025-04-27 21:18:26,047 - INFO - 牌3: 细胞组织 (相似度: 0.68)
2025-04-27 21:18:26,052 - INFO - 牌4: 细胞组织 (相似度: 0.68)
2025-04-27 21:18:26,058 - INFO - 牌5: 细胞组织 (相似度: 0.66)
2025-04-27 21:18:27,175 - INFO - 牌1: 细胞组织 (相似度: 0.67)
2025-04-27 21:18:27,181 - INFO - 牌2: 细胞组织 (相似度: 0.67)
2025-04-27 21:18:27,186 - INFO - 牌3: 细胞组织 (相似度: 0.68)
2025-04-27 21:18:27,191 - INFO - 牌4: 细胞组织 (相似度: 0.68)
2025-04-27 21:18:27,198 - INFO - 牌5: 细胞组织 (相似度: 0.66)
2025-04-27 21:18:28,315 - INFO - 牌1: 细胞组织 (相似度: 0.67)
2025-04-27 21:18:28,318 - INFO - 牌2: 细胞组织 (相似度: 0.67)
2025-04-27 21:18:28,324 - INFO - 牌3: 细胞组织 (相似度: 0.68)
2025-04-27 21:18:28,333 - INFO - 牌4: 细胞组织 (相似度: 0.68)
2025-04-27 21:18:28,338 - INFO - 牌5: 细胞组织 (相似度: 0.66)
2025-04-27 21:18:29,495 - INFO - 牌1: 细胞组织 (相似度: 0.67)
2025-04-27 21:18:29,503 - INFO - 牌2: 细胞组织 (相似度: 0.67)
2025-04-27 21:18:29,508 - INFO - 牌3: 细胞组织 (相似度: 0.68)
2025-04-27 21:18:29,514 - INFO - 牌4: 细胞组织 (相似度: 0.68)
2025-04-27 21:18:29,518 - INFO - 牌5: 细胞组织 (相似度: 0.66)
2025-04-27 21:20:58,080 - INFO - 自动拿牌程序启动 - MuMu模拟器12专用版
2025-04-27 21:20:59,134 - INFO - 已激活MuMu模拟器窗口并设置位置: 480,270 大小: 1600x900
2025-04-27 21:20:59,191 - INFO - 识别到5个红框，设置牌区: 位置(1486, 205), 宽57, 高58, 间距0
2025-04-27 21:20:59,192 - INFO - 请按F2键选择要拿的英雄牌
2025-04-27 21:20:59,473 - INFO - 正在加载已保存的英雄特征...
2025-04-27 21:21:03,049 - WARNING - 英雄'克'不存在，请重新输入
2025-04-27 21:21:08,350 - WARNING - 英雄'艾克克'不存在，请重新输入
2025-04-27 21:21:15,187 - INFO - 已设置目标英雄: 艾克
2025-04-27 21:21:15,584 - INFO - 牌1: 无 (相似度: 0.55) 截图已保存: JinChanChan/mumu截屏/card_20250427_212115_1.png
2025-04-27 21:21:15,590 - INFO - 牌2: 无 (相似度: 0.55) 截图已保存: JinChanChan/mumu截屏/card_20250427_212115_2.png
2025-04-27 21:21:15,595 - INFO - 牌3: 无 (相似度: 0.55) 截图已保存: JinChanChan/mumu截屏/card_20250427_212115_3.png
2025-04-27 21:21:15,609 - INFO - 牌4: 无 (相似度: 0.55) 截图已保存: JinChanChan/mumu截屏/card_20250427_212115_4.png
2025-04-27 21:21:15,614 - INFO - 牌5: 无 (相似度: 0.55) 截图已保存: JinChanChan/mumu截屏/card_20250427_212115_5.png
2025-04-27 21:21:16,729 - INFO - 牌1: 无 (相似度: 0.55) 截图已保存: JinChanChan/mumu截屏/card_20250427_212116_1.png
2025-04-27 21:21:16,737 - INFO - 牌2: 无 (相似度: 0.55) 截图已保存: JinChanChan/mumu截屏/card_20250427_212116_2.png
2025-04-27 21:21:16,743 - INFO - 牌3: 无 (相似度: 0.55) 截图已保存: JinChanChan/mumu截屏/card_20250427_212116_3.png
2025-04-27 21:21:16,750 - INFO - 牌4: 无 (相似度: 0.55) 截图已保存: JinChanChan/mumu截屏/card_20250427_212116_4.png
2025-04-27 21:21:16,758 - INFO - 牌5: 无 (相似度: 0.55) 截图已保存: JinChanChan/mumu截屏/card_20250427_212116_5.png
2025-04-27 21:21:17,875 - INFO - 牌1: 无 (相似度: 0.60) 截图已保存: JinChanChan/mumu截屏/card_20250427_212117_1.png
2025-04-27 21:21:17,881 - INFO - 牌2: 无 (相似度: 0.60) 截图已保存: JinChanChan/mumu截屏/card_20250427_212117_2.png
2025-04-27 21:21:17,887 - INFO - 牌3: 无 (相似度: 0.60) 截图已保存: JinChanChan/mumu截屏/card_20250427_212117_3.png
2025-04-27 21:21:17,894 - INFO - 牌4: 无 (相似度: 0.60) 截图已保存: JinChanChan/mumu截屏/card_20250427_212117_4.png
2025-04-27 21:21:17,902 - INFO - 牌5: 无 (相似度: 0.60) 截图已保存: JinChanChan/mumu截屏/card_20250427_212117_5.png
2025-04-27 21:21:19,018 - INFO - 牌1: 无 (相似度: 0.55) 截图已保存: JinChanChan/mumu截屏/card_20250427_212119_1.png
2025-04-27 21:21:19,024 - INFO - 牌2: 无 (相似度: 0.55) 截图已保存: JinChanChan/mumu截屏/card_20250427_212119_2.png
2025-04-27 21:21:19,030 - INFO - 牌3: 无 (相似度: 0.55) 截图已保存: JinChanChan/mumu截屏/card_20250427_212119_3.png
2025-04-27 21:21:19,061 - INFO - 牌4: 无 (相似度: 0.55) 截图已保存: JinChanChan/mumu截屏/card_20250427_212119_4.png
2025-04-27 21:21:19,067 - INFO - 牌5: 无 (相似度: 0.55) 截图已保存: JinChanChan/mumu截屏/card_20250427_212119_5.png
2025-04-27 21:21:20,183 - INFO - 牌1: 无 (相似度: 0.55) 截图已保存: JinChanChan/mumu截屏/card_20250427_212120_1.png
2025-04-27 21:21:20,190 - INFO - 牌2: 无 (相似度: 0.55) 截图已保存: JinChanChan/mumu截屏/card_20250427_212120_2.png
2025-04-27 21:21:20,199 - INFO - 牌3: 无 (相似度: 0.55) 截图已保存: JinChanChan/mumu截屏/card_20250427_212120_3.png
2025-04-27 21:21:20,205 - INFO - 牌4: 无 (相似度: 0.55) 截图已保存: JinChanChan/mumu截屏/card_20250427_212120_4.png
2025-04-27 21:21:20,215 - INFO - 牌5: 无 (相似度: 0.55) 截图已保存: JinChanChan/mumu截屏/card_20250427_212120_5.png
2025-04-27 21:22:09,585 - INFO - 自动拿牌程序启动 - MuMu模拟器12专用版
2025-04-27 21:22:10,667 - INFO - 已激活MuMu模拟器窗口并设置位置: 480,270 大小: 1600x900
2025-04-27 21:22:10,714 - INFO - 识别到5个红框，设置牌区: 位置(1213, 725), 宽185, 高118, 间距0
2025-04-27 21:22:10,715 - INFO - 请按F2键选择要拿的英雄牌
2025-04-27 21:22:10,977 - INFO - 正在加载已保存的英雄特征...
2025-04-27 21:40:30,114 - INFO - 自动拿牌程序启动 - MuMu模拟器12专用版
2025-04-27 21:40:31,162 - INFO - 已激活MuMu模拟器窗口并设置位置: 480,270 大小: 1600x900
2025-04-27 21:40:31,225 - WARNING - 自动计算牌间距失败，使用默认值: 69.6
2025-04-27 21:40:31,225 - INFO - 识别到5个红框，设置牌区: 位置(1485, 225), 宽58, 高59, 间距69.6
2025-04-27 21:40:31,226 - INFO - 请按F2键选择要拿的英雄牌
2025-04-27 21:40:31,519 - INFO - 正在加载已保存的英雄特征...
2025-04-27 22:36:31,371 - INFO - 自动拿牌程序启动 - MuMu模拟器12专用版
2025-04-27 22:36:45,976 - INFO - 自动拿牌程序启动 - MuMu模拟器12专用版
2025-04-27 22:37:27,468 - INFO - 自动拿牌程序启动 - MuMu模拟器12专用版
2025-04-27 22:37:28,608 - INFO - 请直接输入要拿的英雄名称:
2025-04-27 22:37:45,362 - INFO - 找到目标英雄 波比 在卡牌2
2025-04-27 22:37:45,827 - INFO - 已移动鼠标到位置: (1180, 1070)
2025-04-27 22:39:13,321 - INFO - 自动拿牌程序启动 - MuMu模拟器12专用版
2025-04-27 22:39:14,362 - INFO - 请直接输入要拿的英雄名称:
2025-04-27 22:39:48,730 - INFO - 找到目标英雄 波比 在卡牌2
2025-04-27 22:39:49,194 - INFO - 已移动鼠标到位置: (1180, 1070)
2025-04-27 22:39:49,194 - INFO - 按ESC键退出程序...
2025-04-27 22:41:23,227 - INFO - 自动拿牌程序启动 - MuMu模拟器12专用版
2025-04-27 22:41:24,383 - INFO - 请直接输入要拿的英雄名称:
2025-04-27 22:42:16,984 - INFO - 自动拿牌程序启动 - MuMu模拟器12专用版
2025-04-27 22:42:17,531 - INFO - 已设置MuMu窗口位置: (100,100) 大小: 1600x900
2025-04-27 22:42:18,616 - INFO - 请直接输入要拿的英雄名称:
2025-04-27 22:42:30,960 - INFO - 找到目标英雄 波比 在卡牌2
2025-04-27 22:42:31,426 - INFO - 已移动鼠标到位置: (1180, 1070)
2025-04-27 22:42:31,426 - INFO - 按F2键重新输入英雄名称...
2025-04-27 22:44:00,830 - INFO - 自动拿牌程序启动 - MuMu模拟器12专用版
2025-04-27 22:44:01,388 - INFO - 已设置MuMu窗口居中位置: (480,270) 大小: 1600x900
2025-04-27 22:44:02,478 - INFO - 请直接输入要拿的英雄名称:
2025-04-27 22:44:10,921 - INFO - 找到目标英雄 蔚 在卡牌1
2025-04-27 22:44:11,385 - INFO - 已移动鼠标到位置: (975, 1070)
2025-04-27 22:44:11,385 - INFO - 按F2键重新输入英雄名称...
2025-04-27 22:44:14,084 - INFO - 检测到F2键，重新输入英雄
2025-04-27 22:44:14,084 - INFO - 未找到目标英雄，1秒后重试...
2025-04-27 22:44:15,118 - INFO - 找到目标英雄 蔚 在卡牌1
2025-04-27 22:44:15,581 - INFO - 已移动鼠标到位置: (975, 1070)
2025-04-27 22:44:15,581 - INFO - 按F2键重新输入英雄名称...
2025-04-27 22:44:21,778 - INFO - 检测到F2键，重新输入英雄
2025-04-27 22:44:21,778 - INFO - 未找到目标英雄，1秒后重试...
2025-04-27 22:44:21,813 - INFO - 检测到F2键，重新输入英雄
2025-04-27 22:44:21,813 - INFO - 未找到目标英雄，1秒后重试...
2025-04-27 22:44:23,019 - INFO - 找到目标英雄 波比 在卡牌2
2025-04-27 22:44:23,027 - INFO - 找到目标英雄 蔚 在卡牌1
2025-04-27 22:44:23,484 - INFO - 已移动鼠标到位置: (1180, 1070)
2025-04-27 22:44:23,484 - INFO - 按F2键重新输入英雄名称...
2025-04-27 22:44:23,493 - INFO - 已移动鼠标到位置: (975, 1070)
2025-04-27 22:44:23,493 - INFO - 按F2键重新输入英雄名称...
2025-04-27 22:44:27,507 - INFO - 检测到F2键，重新输入英雄
2025-04-27 22:44:27,507 - INFO - 未找到目标英雄，1秒后重试...
2025-04-27 22:44:27,511 - INFO - 检测到F2键，重新输入英雄
2025-04-27 22:44:27,511 - INFO - 未找到目标英雄，1秒后重试...
2025-04-27 22:44:28,569 - INFO - 找到目标英雄 波比 在卡牌2
2025-04-27 22:44:28,582 - INFO - 找到目标英雄 蔚 在卡牌1
2025-04-27 22:44:29,034 - INFO - 已移动鼠标到位置: (1180, 1070)
2025-04-27 22:44:29,034 - INFO - 按F2键重新输入英雄名称...
2025-04-27 22:44:29,044 - INFO - 已移动鼠标到位置: (975, 1070)
2025-04-27 22:44:29,044 - INFO - 按F2键重新输入英雄名称...
2025-04-27 22:44:34,258 - INFO - 检测到F2键，重新输入英雄
2025-04-27 22:44:34,258 - INFO - 未找到目标英雄，1秒后重试...
2025-04-27 22:44:34,273 - INFO - 检测到F2键，重新输入英雄
2025-04-27 22:44:34,273 - INFO - 未找到目标英雄，1秒后重试...
2025-04-27 22:44:35,294 - INFO - 找到目标英雄 波比 在卡牌2
2025-04-27 22:44:35,310 - INFO - 找到目标英雄 蔚 在卡牌1
2025-04-27 22:44:35,761 - INFO - 已移动鼠标到位置: (1180, 1070)
2025-04-27 22:44:35,761 - INFO - 按F2键重新输入英雄名称...
2025-04-27 22:44:35,773 - INFO - 已移动鼠标到位置: (975, 1070)
2025-04-27 22:44:35,773 - INFO - 按F2键重新输入英雄名称...
2025-04-27 22:44:38,073 - INFO - 检测到F2键，重新输入英雄
2025-04-27 22:44:38,073 - INFO - 未找到目标英雄，1秒后重试...
2025-04-27 22:44:38,086 - INFO - 检测到F2键，重新输入英雄
2025-04-27 22:44:38,086 - INFO - 未找到目标英雄，1秒后重试...
2025-04-27 22:44:39,107 - INFO - 找到目标英雄 波比 在卡牌2
2025-04-27 22:44:39,121 - INFO - 找到目标英雄 蔚 在卡牌1
2025-04-27 22:44:39,571 - INFO - 已移动鼠标到位置: (1180, 1070)
2025-04-27 22:44:39,571 - INFO - 按F2键重新输入英雄名称...
2025-04-27 22:44:39,586 - INFO - 已移动鼠标到位置: (975, 1070)
2025-04-27 22:44:39,586 - INFO - 按F2键重新输入英雄名称...
2025-04-27 22:44:45,799 - INFO - 检测到F2键，重新输入英雄
2025-04-27 22:44:45,799 - INFO - 未找到目标英雄，1秒后重试...
2025-04-27 22:44:45,821 - INFO - 检测到F2键，重新输入英雄
2025-04-27 22:44:45,821 - INFO - 未找到目标英雄，1秒后重试...
2025-04-27 22:44:46,832 - INFO - 找到目标英雄 波比 在卡牌2
2025-04-27 22:44:46,853 - INFO - 找到目标英雄 蔚 在卡牌1
2025-04-27 22:44:47,296 - INFO - 已移动鼠标到位置: (1180, 1070)
2025-04-27 22:44:47,296 - INFO - 按F2键重新输入英雄名称...
2025-04-27 22:44:47,319 - INFO - 已移动鼠标到位置: (975, 1070)
2025-04-27 22:44:47,319 - INFO - 按F2键重新输入英雄名称...
2025-04-27 22:45:52,885 - INFO - 自动拿牌程序启动 - MuMu模拟器12专用版
2025-04-27 22:45:53,431 - INFO - 已设置MuMu窗口居中位置: (480,270) 大小: 1600x900
2025-04-27 22:45:54,480 - INFO - 请直接输入要拿的英雄名称:
2025-04-27 22:45:59,843 - INFO - 找到目标英雄 萨科 在卡牌3
2025-04-27 22:46:00,307 - INFO - 已移动鼠标到位置: (1385, 1070)
2025-04-27 22:46:00,307 - INFO - 按F2键重新输入英雄名称...
2025-04-27 22:46:01,790 - INFO - 检测到F2键，重新输入英雄
2025-04-27 22:46:01,790 - INFO - 未找到目标英雄，1秒后重试...
2025-04-27 22:46:01,796 - INFO - 检测到F2键，请重新输入英雄名称:
2025-04-27 22:46:01,804 - INFO - 检测到F2键，重新输入英雄
2025-04-27 22:46:01,804 - INFO - 未找到目标英雄，1秒后重试...
2025-04-27 22:46:02,981 - INFO - 找到目标英雄 波比 在卡牌2
2025-04-27 22:46:02,989 - INFO - 找到目标英雄 蔚 在卡牌1
2025-04-27 22:46:03,444 - INFO - 已移动鼠标到位置: (1180, 1070)
2025-04-27 22:46:03,444 - INFO - 按F2键重新输入英雄名称...
2025-04-27 22:46:03,454 - INFO - 已移动鼠标到位置: (975, 1070)
2025-04-27 22:46:03,454 - INFO - 按F2键重新输入英雄名称...
2025-04-27 22:46:09,489 - INFO - 新目标英雄: 崔斯特
2025-04-27 22:46:09,490 - INFO - 找到目标英雄 崔斯特 在卡牌4
2025-04-27 22:46:09,954 - INFO - 已移动鼠标到位置: (1591, 1070)
2025-04-27 22:46:09,954 - INFO - 按F2键重新输入英雄名称...
2025-04-27 22:46:12,667 - INFO - 检测到F2键，请重新输入英雄名称:
2025-04-27 22:46:12,698 - INFO - 检测到F2键，重新输入英雄
2025-04-27 22:46:12,698 - INFO - 未找到目标英雄，1秒后重试...
2025-04-27 22:46:12,704 - INFO - 检测到F2键，重新输入英雄
2025-04-27 22:46:12,704 - INFO - 未找到目标英雄，1秒后重试...
2025-04-27 22:46:13,750 - INFO - 找到目标英雄 波比 在卡牌2
2025-04-27 22:46:13,954 - INFO - 找到目标英雄 蔚 在卡牌1
2025-04-27 22:46:14,213 - INFO - 已移动鼠标到位置: (1180, 1070)
2025-04-27 22:46:14,213 - INFO - 按F2键重新输入英雄名称...
2025-04-27 22:46:14,420 - INFO - 已移动鼠标到位置: (975, 1070)
2025-04-27 22:46:14,420 - INFO - 按F2键重新输入英雄名称...
2025-04-27 22:46:20,920 - INFO - 新目标英雄: 迦
2025-04-27 22:46:20,920 - INFO - 未找到目标英雄，1秒后重试...
2025-04-27 22:46:21,950 - INFO - 未找到目标英雄，1秒后重试...
2025-04-27 22:46:22,982 - INFO - 未找到目标英雄，1秒后重试...
2025-04-27 22:46:24,011 - INFO - 未找到目标英雄，1秒后重试...
2025-04-27 22:46:24,866 - INFO - 检测到F2键，重新输入英雄
2025-04-27 22:46:24,866 - INFO - 未找到目标英雄，1秒后重试...
2025-04-27 22:46:24,878 - INFO - 检测到F2键，重新输入英雄
2025-04-27 22:46:24,878 - INFO - 未找到目标英雄，1秒后重试...
2025-04-27 22:46:25,182 - INFO - 未找到目标英雄，1秒后重试...
2025-04-27 22:46:25,898 - INFO - 找到目标英雄 波比 在卡牌2
2025-04-27 22:46:25,910 - INFO - 找到目标英雄 蔚 在卡牌1
2025-04-27 22:46:26,214 - INFO - 未找到目标英雄，1秒后重试...
2025-04-27 22:46:26,363 - INFO - 已移动鼠标到位置: (1180, 1070)
2025-04-27 22:46:26,363 - INFO - 按F2键重新输入英雄名称...
2025-04-27 22:46:26,374 - INFO - 已移动鼠标到位置: (975, 1070)
2025-04-27 22:46:26,374 - INFO - 按F2键重新输入英雄名称...
2025-04-27 22:46:27,169 - INFO - 检测到F2键，重新输入英雄
2025-04-27 22:46:27,169 - INFO - 未找到目标英雄，1秒后重试...
2025-04-27 22:46:27,178 - INFO - 检测到F2键，重新输入英雄
2025-04-27 22:46:27,178 - INFO - 未找到目标英雄，1秒后重试...
2025-04-27 22:46:27,244 - INFO - 未找到目标英雄，1秒后重试...
2025-04-27 22:46:28,208 - INFO - 找到目标英雄 波比 在卡牌2
2025-04-27 22:46:28,219 - INFO - 找到目标英雄 蔚 在卡牌1
2025-04-27 22:46:28,282 - INFO - 未找到目标英雄，1秒后重试...
2025-04-27 22:46:28,673 - INFO - 已移动鼠标到位置: (1180, 1070)
2025-04-27 22:46:28,673 - INFO - 按F2键重新输入英雄名称...
2025-04-27 22:46:28,684 - INFO - 已移动鼠标到位置: (975, 1070)
2025-04-27 22:46:28,684 - INFO - 按F2键重新输入英雄名称...
2025-04-27 22:46:29,310 - INFO - 未找到目标英雄，1秒后重试...
2025-04-27 22:46:30,337 - INFO - 未找到目标英雄，1秒后重试...
2025-04-27 22:46:30,585 - INFO - 检测到F2键，重新输入英雄
2025-04-27 22:46:30,585 - INFO - 未找到目标英雄，1秒后重试...
2025-04-27 22:46:30,593 - INFO - 检测到F2键，重新输入英雄
2025-04-27 22:46:30,593 - INFO - 未找到目标英雄，1秒后重试...
2025-04-27 22:46:31,364 - INFO - 未找到目标英雄，1秒后重试...
2025-04-27 22:46:31,615 - INFO - 找到目标英雄 波比 在卡牌2
2025-04-27 22:46:31,626 - INFO - 找到目标英雄 蔚 在卡牌1
2025-04-27 22:46:32,079 - INFO - 已移动鼠标到位置: (1180, 1070)
2025-04-27 22:46:32,079 - INFO - 按F2键重新输入英雄名称...
2025-04-27 22:46:32,090 - INFO - 已移动鼠标到位置: (975, 1070)
2025-04-27 22:46:32,090 - INFO - 按F2键重新输入英雄名称...
2025-04-27 22:46:32,394 - INFO - 未找到目标英雄，1秒后重试...
2025-04-27 22:46:33,425 - INFO - 未找到目标英雄，1秒后重试...
2025-04-27 22:46:49,533 - INFO - 自动拿牌程序启动 - MuMu模拟器12专用版
2025-04-27 22:46:50,065 - INFO - 已设置MuMu窗口居中位置: (480,270) 大小: 1600x900
2025-04-27 22:46:51,137 - INFO - 请直接输入要拿的英雄名称:
2025-04-27 22:47:06,780 - INFO - 找到目标英雄 维迦 在卡牌5
2025-04-27 22:47:07,242 - INFO - 已移动鼠标到位置: (1798, 1070)
2025-04-27 22:47:07,242 - INFO - 按F2键重新输入英雄名称...
2025-04-27 22:47:26,822 - INFO - 检测到F2键，请重新输入英雄名称:
2025-04-27 22:47:26,861 - INFO - 检测到F2键，重新输入英雄
2025-04-27 22:47:26,861 - INFO - 未找到目标英雄，1秒后重试...
2025-04-27 22:47:26,895 - INFO - 检测到F2键，重新输入英雄
2025-04-27 22:47:26,895 - INFO - 未找到目标英雄，1秒后重试...
2025-04-27 22:47:28,162 - INFO - 找到目标英雄 蔚 在卡牌1
2025-04-27 22:47:28,162 - INFO - 找到目标英雄 波比 在卡牌2
2025-04-27 22:47:28,625 - INFO - 已移动鼠标到位置: (1180, 1070)
2025-04-27 22:47:28,625 - INFO - 按F2键重新输入英雄名称...
2025-04-27 22:47:28,625 - INFO - 按F2键重新输入英雄名称...
2025-04-27 22:47:35,303 - INFO - 新目标英雄: 塞拉斯
2025-04-27 22:47:35,304 - INFO - 未找到目标英雄，1秒后重试...
2025-04-27 22:47:36,334 - INFO - 未找到目标英雄，1秒后重试...
2025-04-27 22:47:37,377 - INFO - 未找到目标英雄，1秒后重试...
2025-04-27 22:47:38,562 - INFO - 未找到目标英雄，1秒后重试...
2025-04-27 22:47:39,593 - INFO - 未找到目标英雄，1秒后重试...
2025-04-27 22:47:40,627 - INFO - 未找到目标英雄，1秒后重试...
2025-04-27 22:47:41,661 - INFO - 未找到目标英雄，1秒后重试...
2025-04-27 22:47:42,702 - INFO - 未找到目标英雄，1秒后重试...
2025-04-27 22:47:43,941 - INFO - 未找到目标英雄，1秒后重试...
2025-04-27 22:47:44,970 - INFO - 未找到目标英雄，1秒后重试...
2025-04-27 22:47:46,002 - INFO - 未找到目标英雄，1秒后重试...
2025-04-27 22:47:47,031 - INFO - 未找到目标英雄，1秒后重试...
2025-04-27 22:47:48,061 - INFO - 未找到目标英雄，1秒后重试...
2025-04-27 22:47:49,094 - INFO - 未找到目标英雄，1秒后重试...
2025-04-27 22:47:50,130 - INFO - 未找到目标英雄，1秒后重试...
2025-04-27 22:47:51,162 - INFO - 未找到目标英雄，1秒后重试...
2025-04-27 22:47:52,195 - INFO - 未找到目标英雄，1秒后重试...
2025-04-27 22:47:53,231 - INFO - 未找到目标英雄，1秒后重试...
2025-04-27 22:47:54,347 - INFO - 未找到目标英雄，1秒后重试...
2025-04-27 22:47:55,379 - INFO - 未找到目标英雄，1秒后重试...
2025-04-27 22:47:56,417 - INFO - 未找到目标英雄，1秒后重试...
2025-04-27 22:47:57,462 - INFO - 未找到目标英雄，1秒后重试...
2025-04-27 22:47:58,546 - INFO - 未找到目标英雄，1秒后重试...
2025-04-27 22:47:59,580 - INFO - 未找到目标英雄，1秒后重试...
2025-04-27 22:48:00,764 - INFO - 未找到目标英雄，1秒后重试...
2025-04-27 22:48:01,796 - INFO - 未找到目标英雄，1秒后重试...
2025-04-27 22:48:02,830 - INFO - 未找到目标英雄，1秒后重试...
2025-04-27 22:48:03,867 - INFO - 未找到目标英雄，1秒后重试...
2025-04-27 22:48:04,908 - INFO - 未找到目标英雄，1秒后重试...
2025-04-27 22:48:06,142 - INFO - 未找到目标英雄，1秒后重试...
2025-04-27 22:48:07,172 - INFO - 未找到目标英雄，1秒后重试...
2025-04-27 22:48:08,207 - INFO - 未找到目标英雄，1秒后重试...
2025-04-27 22:48:09,246 - INFO - 未找到目标英雄，1秒后重试...
2025-04-27 22:48:10,281 - INFO - 未找到目标英雄，1秒后重试...
2025-04-27 22:48:11,321 - INFO - 未找到目标英雄，1秒后重试...
2025-04-27 22:48:12,554 - INFO - 未找到目标英雄，1秒后重试...
2025-04-27 22:48:13,588 - INFO - 未找到目标英雄，1秒后重试...
2025-04-27 22:48:14,628 - INFO - 未找到目标英雄，1秒后重试...
2025-04-27 22:48:15,740 - INFO - 未找到目标英雄，1秒后重试...
2025-04-27 22:48:16,769 - INFO - 未找到目标英雄，1秒后重试...
2025-04-27 22:48:17,813 - INFO - 未找到目标英雄，1秒后重试...
2025-04-27 22:48:18,842 - INFO - 未找到目标英雄，1秒后重试...
2025-04-27 22:48:19,870 - INFO - 未找到目标英雄，1秒后重试...
2025-04-27 22:48:20,905 - INFO - 未找到目标英雄，1秒后重试...
2025-04-27 22:48:21,934 - INFO - 未找到目标英雄，1秒后重试...
2025-04-27 22:48:22,968 - INFO - 未找到目标英雄，1秒后重试...
2025-04-27 22:48:23,999 - INFO - 未找到目标英雄，1秒后重试...
2025-04-27 22:48:25,035 - INFO - 未找到目标英雄，1秒后重试...
2025-04-27 22:48:26,066 - INFO - 未找到目标英雄，1秒后重试...
2025-04-27 22:48:27,099 - INFO - 未找到目标英雄，1秒后重试...
2025-04-27 22:48:28,333 - INFO - 未找到目标英雄，1秒后重试...
2025-04-27 22:48:29,362 - INFO - 未找到目标英雄，1秒后重试...
2025-04-27 22:48:30,397 - INFO - 未找到目标英雄，1秒后重试...
2025-04-27 22:48:31,437 - INFO - 未找到目标英雄，1秒后重试...
2025-04-27 22:48:32,473 - INFO - 未找到目标英雄，1秒后重试...
2025-04-27 22:48:33,515 - INFO - 未找到目标英雄，1秒后重试...
2025-04-27 22:48:34,735 - INFO - 未找到目标英雄，1秒后重试...
2025-04-27 22:48:35,763 - INFO - 未找到目标英雄，1秒后重试...
2025-04-27 22:48:36,798 - INFO - 未找到目标英雄，1秒后重试...
2025-04-27 22:48:37,829 - INFO - 未找到目标英雄，1秒后重试...
2025-04-27 22:48:38,861 - INFO - 未找到目标英雄，1秒后重试...
2025-04-27 22:48:39,937 - INFO - 未找到目标英雄，1秒后重试...
2025-04-27 22:48:40,967 - INFO - 未找到目标英雄，1秒后重试...
2025-04-27 22:48:42,134 - INFO - 未找到目标英雄，1秒后重试...
2025-04-27 22:48:43,163 - INFO - 未找到目标英雄，1秒后重试...
2025-04-27 22:48:44,197 - INFO - 未找到目标英雄，1秒后重试...
2025-04-27 22:48:45,227 - INFO - 未找到目标英雄，1秒后重试...
2025-04-27 22:48:46,261 - INFO - 未找到目标英雄，1秒后重试...
2025-04-27 22:48:46,459 - INFO - 自动拿牌程序启动 - MuMu模拟器12专用版
2025-04-27 22:48:46,994 - INFO - 已设置MuMu窗口居中位置: (480,270) 大小: 1600x900
2025-04-27 22:48:47,298 - INFO - 未找到目标英雄，1秒后重试...
2025-04-27 22:48:48,096 - INFO - 请直接输入要拿的英雄名称:
2025-04-27 22:48:48,328 - INFO - 未找到目标英雄，1秒后重试...
2025-04-27 22:48:49,358 - INFO - 未找到目标英雄，1秒后重试...
2025-04-27 22:48:50,385 - INFO - 未找到目标英雄，1秒后重试...
2025-04-27 22:48:51,411 - INFO - 未找到目标英雄，1秒后重试...
2025-04-27 22:48:52,441 - INFO - 未找到目标英雄，1秒后重试...
2025-04-27 22:48:53,287 - INFO - 找到目标英雄 波比 在卡牌2
2025-04-27 22:48:53,474 - INFO - 未找到目标英雄，1秒后重试...
2025-04-27 22:48:53,751 - INFO - 已移动鼠标到位置: (1180, 1070)
2025-04-27 22:48:53,751 - INFO - 按F2键重新输入英雄名称...
2025-04-27 22:48:54,509 - INFO - 未找到目标英雄，1秒后重试...
2025-04-27 22:48:55,729 - INFO - 未找到目标英雄，1秒后重试...
2025-04-27 22:48:55,809 - INFO - 检测到F2键，重新输入英雄
2025-04-27 22:48:55,809 - INFO - 检测到F2键，重新输入英雄
2025-04-27 22:48:55,809 - INFO - 未找到目标英雄，1秒后重试...
2025-04-27 22:48:55,809 - INFO - 未找到目标英雄，1秒后重试...
2025-04-27 22:48:55,840 - INFO - 检测到F2键，请重新输入英雄名称:
2025-04-27 22:48:56,759 - INFO - 未找到目标英雄，1秒后重试...
2025-04-27 22:48:56,843 - INFO - 找到目标英雄 蔚 在卡牌1
2025-04-27 22:48:56,844 - INFO - 找到目标英雄 波比 在卡牌2
2025-04-27 22:48:57,308 - INFO - 已移动鼠标到位置: (975, 1070)

2025-04-27 22:48:57,308 - INFO - 按F2键重新输入英雄名称...
2025-04-27 22:48:57,308 - INFO - 按F2键重新输入英雄名称...
2025-04-27 22:48:57,790 - INFO - 未找到目标英雄，1秒后重试...
2025-04-27 22:48:58,559 - INFO - 新目标英雄: 塞拉斯
2025-04-27 22:48:58,560 - INFO - 未找到目标英雄，重新截屏匹配...
2025-04-27 22:48:58,630 - INFO - 未找到目标英雄，重新截屏匹配...
2025-04-27 22:48:58,695 - INFO - 未找到目标英雄，重新截屏匹配...
2025-04-27 22:48:58,931 - INFO - 未找到目标英雄，1秒后重试...
2025-04-27 22:48:58,961 - INFO - 未找到目标英雄，重新截屏匹配...
2025-04-27 22:48:59,023 - INFO - 未找到目标英雄，重新截屏匹配...
2025-04-27 22:48:59,081 - INFO - 未找到目标英雄，重新截屏匹配...
2025-04-27 22:48:59,140 - INFO - 未找到目标英雄，重新截屏匹配...
2025-04-27 22:48:59,199 - INFO - 未找到目标英雄，重新截屏匹配...
2025-04-27 22:48:59,257 - INFO - 未找到目标英雄，重新截屏匹配...
2025-04-27 22:48:59,317 - INFO - 未找到目标英雄，重新截屏匹配...
2025-04-27 22:48:59,376 - INFO - 未找到目标英雄，重新截屏匹配...
2025-04-27 22:48:59,435 - INFO - 未找到目标英雄，重新截屏匹配...
2025-04-27 22:48:59,495 - INFO - 未找到目标英雄，重新截屏匹配...
2025-04-27 22:48:59,555 - INFO - 未找到目标英雄，重新截屏匹配...
2025-04-27 22:48:59,615 - INFO - 未找到目标英雄，重新截屏匹配...
2025-04-27 22:48:59,675 - INFO - 未找到目标英雄，重新截屏匹配...
2025-04-27 22:48:59,731 - INFO - 未找到目标英雄，重新截屏匹配...
2025-04-27 22:48:59,793 - INFO - 未找到目标英雄，重新截屏匹配...
2025-04-27 22:48:59,853 - INFO - 未找到目标英雄，重新截屏匹配...
2025-04-27 22:48:59,910 - INFO - 未找到目标英雄，重新截屏匹配...
2025-04-27 22:48:59,965 - INFO - 未找到目标英雄，1秒后重试...
2025-04-27 22:48:59,971 - INFO - 未找到目标英雄，重新截屏匹配...
2025-04-27 22:49:00,035 - INFO - 未找到目标英雄，重新截屏匹配...
2025-04-27 22:49:00,096 - INFO - 未找到目标英雄，重新截屏匹配...
2025-04-27 22:49:00,158 - INFO - 未找到目标英雄，重新截屏匹配...
2025-04-27 22:49:00,216 - INFO - 未找到目标英雄，重新截屏匹配...
2025-04-27 22:49:00,275 - INFO - 未找到目标英雄，重新截屏匹配...
2025-04-27 22:49:00,330 - INFO - 未找到目标英雄，重新截屏匹配...
2025-04-27 22:49:00,388 - INFO - 未找到目标英雄，重新截屏匹配...
2025-04-27 22:49:00,447 - INFO - 未找到目标英雄，重新截屏匹配...
2025-04-27 22:49:00,509 - INFO - 未找到目标英雄，重新截屏匹配...
2025-04-27 22:49:00,570 - INFO - 未找到目标英雄，重新截屏匹配...
2025-04-27 22:49:00,627 - INFO - 未找到目标英雄，重新截屏匹配...
2025-04-27 22:49:00,684 - INFO - 未找到目标英雄，重新截屏匹配...
2025-04-27 22:49:00,743 - INFO - 未找到目标英雄，重新截屏匹配...
2025-04-27 22:49:00,803 - INFO - 未找到目标英雄，重新截屏匹配...
2025-04-27 22:49:00,861 - INFO - 未找到目标英雄，重新截屏匹配...
2025-04-27 22:49:00,920 - INFO - 未找到目标英雄，重新截屏匹配...
2025-04-27 22:49:00,977 - INFO - 未找到目标英雄，重新截屏匹配...
2025-04-27 22:49:01,000 - INFO - 未找到目标英雄，1秒后重试...
2025-04-27 22:49:01,039 - INFO - 未找到目标英雄，重新截屏匹配...
2025-04-27 22:49:01,098 - INFO - 未找到目标英雄，重新截屏匹配...
2025-04-27 22:49:01,158 - INFO - 未找到目标英雄，重新截屏匹配...
2025-04-27 22:49:01,218 - INFO - 未找到目标英雄，重新截屏匹配...
2025-04-27 22:49:01,277 - INFO - 未找到目标英雄，重新截屏匹配...
2025-04-27 22:49:01,335 - INFO - 未找到目标英雄，重新截屏匹配...
2025-04-27 22:49:01,393 - INFO - 未找到目标英雄，重新截屏匹配...
2025-04-27 22:49:01,450 - INFO - 未找到目标英雄，重新截屏匹配...
2025-04-27 22:49:01,510 - INFO - 未找到目标英雄，重新截屏匹配...
2025-04-27 22:49:01,570 - INFO - 未找到目标英雄，重新截屏匹配...
2025-04-27 22:49:01,630 - INFO - 未找到目标英雄，重新截屏匹配...
2025-04-27 22:49:01,691 - INFO - 未找到目标英雄，重新截屏匹配...
2025-04-27 22:49:01,752 - INFO - 未找到目标英雄，重新截屏匹配...
2025-04-27 22:49:01,820 - INFO - 未找到目标英雄，重新截屏匹配...
2025-04-27 22:49:01,886 - INFO - 未找到目标英雄，重新截屏匹配...
2025-04-27 22:49:01,949 - INFO - 未找到目标英雄，重新截屏匹配...
2025-04-27 22:49:02,015 - INFO - 未找到目标英雄，重新截屏匹配...
2025-04-27 22:49:02,036 - INFO - 未找到目标英雄，1秒后重试...
2025-04-27 22:49:02,081 - INFO - 未找到目标英雄，重新截屏匹配...
2025-04-27 22:49:02,145 - INFO - 未找到目标英雄，重新截屏匹配...
2025-04-27 22:49:02,207 - INFO - 未找到目标英雄，重新截屏匹配...
2025-04-27 22:49:02,265 - INFO - 未找到目标英雄，重新截屏匹配...
2025-04-27 22:49:02,324 - INFO - 未找到目标英雄，重新截屏匹配...
2025-04-27 22:49:02,386 - INFO - 未找到目标英雄，重新截屏匹配...
2025-04-27 22:49:02,446 - INFO - 未找到目标英雄，重新截屏匹配...
2025-04-27 22:49:02,506 - INFO - 未找到目标英雄，重新截屏匹配...
2025-04-27 22:49:02,567 - INFO - 未找到目标英雄，重新截屏匹配...
2025-04-27 22:49:02,627 - INFO - 未找到目标英雄，重新截屏匹配...
2025-04-27 22:49:02,687 - INFO - 未找到目标英雄，重新截屏匹配...
2025-04-27 22:49:02,744 - INFO - 未找到目标英雄，重新截屏匹配...
2025-04-27 22:49:02,808 - INFO - 未找到目标英雄，重新截屏匹配...
2025-04-27 22:49:02,924 - INFO - 未找到目标英雄，重新截屏匹配...
2025-04-27 22:49:03,002 - INFO - 未找到目标英雄，重新截屏匹配...
2025-04-27 22:49:03,067 - INFO - 未找到目标英雄，重新截屏匹配...
2025-04-27 22:49:03,069 - INFO - 未找到目标英雄，1秒后重试...
2025-04-27 22:49:03,131 - INFO - 未找到目标英雄，重新截屏匹配...
2025-04-27 22:49:03,196 - INFO - 未找到目标英雄，重新截屏匹配...
2025-04-27 22:49:03,261 - INFO - 未找到目标英雄，重新截屏匹配...
2025-04-27 22:49:03,319 - INFO - 未找到目标英雄，重新截屏匹配...
2025-04-27 22:49:03,378 - INFO - 未找到目标英雄，重新截屏匹配...
2025-04-27 22:49:03,437 - INFO - 未找到目标英雄，重新截屏匹配...
2025-04-27 22:49:03,498 - INFO - 未找到目标英雄，重新截屏匹配...
2025-04-27 22:49:03,561 - INFO - 未找到目标英雄，重新截屏匹配...
2025-04-27 22:49:03,619 - INFO - 未找到目标英雄，重新截屏匹配...
2025-04-27 22:49:03,677 - INFO - 未找到目标英雄，重新截屏匹配...
2025-04-27 22:49:03,736 - INFO - 未找到目标英雄，重新截屏匹配...
2025-04-27 22:49:03,793 - INFO - 未找到目标英雄，重新截屏匹配...
2025-04-27 22:49:03,851 - INFO - 未找到目标英雄，重新截屏匹配...
2025-04-27 22:49:03,912 - INFO - 未找到目标英雄，重新截屏匹配...
2025-04-27 22:49:03,976 - INFO - 未找到目标英雄，重新截屏匹配...
2025-04-27 22:49:04,036 - INFO - 未找到目标英雄，重新截屏匹配...
2025-04-27 22:49:04,096 - INFO - 未找到目标英雄，重新截屏匹配...
2025-04-27 22:49:04,100 - INFO - 未找到目标英雄，1秒后重试...
2025-04-27 22:49:04,162 - INFO - 未找到目标英雄，重新截屏匹配...
2025-04-27 22:49:04,227 - INFO - 未找到目标英雄，重新截屏匹配...
2025-04-27 22:49:04,286 - INFO - 未找到目标英雄，重新截屏匹配...
2025-04-27 22:49:04,343 - INFO - 未找到目标英雄，重新截屏匹配...
2025-04-27 22:49:04,403 - INFO - 未找到目标英雄，重新截屏匹配...
2025-04-27 22:49:04,463 - INFO - 未找到目标英雄，重新截屏匹配...
2025-04-27 22:49:04,526 - INFO - 未找到目标英雄，重新截屏匹配...
2025-04-27 22:49:04,594 - INFO - 未找到目标英雄，重新截屏匹配...
2025-04-27 22:49:04,660 - INFO - 未找到目标英雄，重新截屏匹配...
2025-04-27 22:49:04,718 - INFO - 未找到目标英雄，重新截屏匹配...
2025-04-27 22:49:04,780 - INFO - 未找到目标英雄，重新截屏匹配...
2025-04-27 22:49:04,843 - INFO - 未找到目标英雄，重新截屏匹配...
2025-04-27 22:49:04,905 - INFO - 未找到目标英雄，重新截屏匹配...
2025-04-27 22:49:04,969 - INFO - 未找到目标英雄，重新截屏匹配...
2025-04-27 22:49:05,031 - INFO - 未找到目标英雄，重新截屏匹配...
2025-04-27 22:49:05,095 - INFO - 未找到目标英雄，重新截屏匹配...
2025-04-27 22:49:05,143 - INFO - 未找到目标英雄，1秒后重试...
2025-04-27 22:49:05,171 - INFO - 未找到目标英雄，重新截屏匹配...
2025-04-27 22:49:05,268 - INFO - 未找到目标英雄，重新截屏匹配...
2025-04-27 22:49:05,336 - INFO - 未找到目标英雄，重新截屏匹配...
2025-04-27 22:49:05,400 - INFO - 未找到目标英雄，重新截屏匹配...
2025-04-27 22:49:05,465 - INFO - 未找到目标英雄，重新截屏匹配...
2025-04-27 22:49:05,525 - INFO - 未找到目标英雄，重新截屏匹配...
2025-04-27 22:49:05,587 - INFO - 未找到目标英雄，重新截屏匹配...
2025-04-27 22:49:05,648 - INFO - 未找到目标英雄，重新截屏匹配...
2025-04-27 22:49:05,708 - INFO - 未找到目标英雄，重新截屏匹配...
2025-04-27 22:49:05,765 - INFO - 未找到目标英雄，重新截屏匹配...
2025-04-27 22:49:05,823 - INFO - 未找到目标英雄，重新截屏匹配...
2025-04-27 22:49:05,882 - INFO - 未找到目标英雄，重新截屏匹配...
2025-04-27 22:49:05,942 - INFO - 未找到目标英雄，重新截屏匹配...
2025-04-27 22:49:06,002 - INFO - 未找到目标英雄，重新截屏匹配...
2025-04-27 22:49:06,061 - INFO - 未找到目标英雄，重新截屏匹配...
2025-04-27 22:49:06,120 - INFO - 未找到目标英雄，重新截屏匹配...
2025-04-27 22:49:06,176 - INFO - 未找到目标英雄，1秒后重试...
2025-04-27 22:49:06,182 - INFO - 未找到目标英雄，重新截屏匹配...
2025-04-27 22:49:06,243 - INFO - 未找到目标英雄，重新截屏匹配...
2025-04-27 22:49:06,304 - INFO - 未找到目标英雄，重新截屏匹配...
2025-04-27 22:49:06,367 - INFO - 未找到目标英雄，重新截屏匹配...
2025-04-27 22:49:06,431 - INFO - 未找到目标英雄，重新截屏匹配...
2025-04-27 22:49:06,493 - INFO - 未找到目标英雄，重新截屏匹配...
2025-04-27 22:49:06,557 - INFO - 未找到目标英雄，重新截屏匹配...
2025-04-27 22:49:06,616 - INFO - 未找到目标英雄，重新截屏匹配...
2025-04-27 22:49:06,677 - INFO - 未找到目标英雄，重新截屏匹配...
2025-04-27 22:49:06,734 - INFO - 未找到目标英雄，重新截屏匹配...
2025-04-27 22:49:06,791 - INFO - 未找到目标英雄，重新截屏匹配...
2025-04-27 22:49:06,846 - INFO - 未找到目标英雄，重新截屏匹配...
2025-04-27 22:49:06,903 - INFO - 未找到目标英雄，重新截屏匹配...
2025-04-27 22:49:06,962 - INFO - 未找到目标英雄，重新截屏匹配...
2025-04-27 22:49:07,022 - INFO - 未找到目标英雄，重新截屏匹配...
2025-04-27 22:49:07,082 - INFO - 未找到目标英雄，重新截屏匹配...
2025-04-27 22:49:07,139 - INFO - 未找到目标英雄，重新截屏匹配...
2025-04-27 22:49:07,200 - INFO - 未找到目标英雄，重新截屏匹配...
2025-04-27 22:49:07,210 - INFO - 未找到目标英雄，1秒后重试...
2025-04-27 22:49:07,265 - INFO - 未找到目标英雄，重新截屏匹配...
2025-04-27 22:49:07,329 - INFO - 未找到目标英雄，重新截屏匹配...
2025-04-27 22:49:07,391 - INFO - 未找到目标英雄，重新截屏匹配...
2025-04-27 22:49:07,450 - INFO - 未找到目标英雄，重新截屏匹配...
2025-04-27 22:49:07,509 - INFO - 未找到目标英雄，重新截屏匹配...
2025-04-27 22:49:07,569 - INFO - 未找到目标英雄，重新截屏匹配...
2025-04-27 22:49:07,628 - INFO - 未找到目标英雄，重新截屏匹配...
2025-04-27 22:49:07,687 - INFO - 未找到目标英雄，重新截屏匹配...
2025-04-27 22:49:07,744 - INFO - 未找到目标英雄，重新截屏匹配...
2025-04-27 22:49:07,805 - INFO - 未找到目标英雄，重新截屏匹配...
2025-04-27 22:49:07,882 - INFO - 未找到目标英雄，重新截屏匹配...
2025-04-27 22:49:07,945 - INFO - 未找到目标英雄，重新截屏匹配...
2025-04-27 22:49:08,006 - INFO - 未找到目标英雄，重新截屏匹配...
2025-04-27 22:49:08,064 - INFO - 未找到目标英雄，重新截屏匹配...
2025-04-27 22:49:08,241 - INFO - 未找到目标英雄，1秒后重试...
2025-04-27 22:49:09,290 - INFO - 未找到目标英雄，1秒后重试...
2025-04-27 22:49:10,320 - INFO - 未找到目标英雄，1秒后重试...
2025-04-27 22:49:11,364 - INFO - 未找到目标英雄，1秒后重试...
2025-04-27 22:49:12,402 - INFO - 未找到目标英雄，1秒后重试...
2025-04-27 22:49:13,529 - INFO - 未找到目标英雄，1秒后重试...
